<?xml version="1.0" encoding="UTF-8"?>
<testng-results skipped="0" failed="1" ignored="0" total="1" passed="0">
  <reporter-output>
  </reporter-output>
  <suite name="Default suite" duration-ms="7507" started-at="2018-12-29T17:24:26Z" finished-at="2018-12-29T17:24:34Z">
    <groups>
    </groups>
    <test name="Default test" duration-ms="7507" started-at="2018-12-29T17:24:26Z" finished-at="2018-12-29T17:24:34Z">
      <class name="com.syntax.orangeHRM.test.initClass">
        <test-method status="PASS" signature="setUp()[pri:0, instance:com.syntax.orangeHRM.test.initClass@3aeaafa6]" name="setUp" is-config="true" duration-ms="3037" started-at="2018-12-29T17:24:26Z" finished-at="2018-12-29T17:24:29Z">
          <reporter-output>
          </reporter-output>
        </test-method> <!-- setUp -->
        <test-method status="PASS" signature="setUp()[pri:0, instance:com.syntax.orangeHRM.test.initClass@3aeaafa6]" name="setUp" is-config="true" duration-ms="1345" started-at="2018-12-29T17:24:29Z" finished-at="2018-12-29T17:24:31Z">
          <reporter-output>
          </reporter-output>
        </test-method> <!-- setUp -->
        <test-method status="FAIL" signature="testRun()[pri:0, instance:com.syntax.orangeHRM.test.initClass@3aeaafa6]" name="testRun" duration-ms="2951" started-at="2018-12-29T17:24:31Z" finished-at="2018-12-29T17:24:34Z">
          <exception class="java.lang.AssertionError">
            <message>
              <![CDATA[expected:<Google> but was:<facebook>]]>
            </message>
            <full-stacktrace>
              <![CDATA[java.lang.AssertionError: expected:<Google> but was:<facebook>
at org.testng.AssertJUnit.assertEquals(AssertJUnit.java:101)
at org.testng.AssertJUnit.assertEquals(AssertJUnit.java:108)
at com.syntax.orangeHRM.test.initClass.testRun(initClass.java:36)
at sun.reflect.NativeMethodAccessorImpl.invoke0(Native Method)
at sun.reflect.NativeMethodAccessorImpl.invoke(NativeMethodAccessorImpl.java:62)
at sun.reflect.DelegatingMethodAccessorImpl.invoke(DelegatingMethodAccessorImpl.java:43)
at java.lang.reflect.Method.invoke(Method.java:498)
at org.testng.internal.MethodInvocationHelper.invokeMethod(MethodInvocationHelper.java:124)
at org.testng.internal.Invoker.invokeMethod(Invoker.java:583)
at org.testng.internal.Invoker.invokeTestMethod(Invoker.java:719)
at org.testng.internal.Invoker.invokeTestMethods(Invoker.java:989)
at org.testng.internal.TestMethodWorker.invokeTestMethods(TestMethodWorker.java:125)
at org.testng.internal.TestMethodWorker.run(TestMethodWorker.java:109)
at org.testng.TestRunner.privateRun(TestRunner.java:648)
at org.testng.TestRunner.run(TestRunner.java:505)
at org.testng.SuiteRunner.runTest(SuiteRunner.java:455)
at org.testng.SuiteRunner.runSequentially(SuiteRunner.java:450)
at org.testng.SuiteRunner.privateRun(SuiteRunner.java:415)
at org.testng.SuiteRunner.run(SuiteRunner.java:364)
at org.testng.SuiteRunnerWorker.runSuite(SuiteRunnerWorker.java:52)
at org.testng.SuiteRunnerWorker.run(SuiteRunnerWorker.java:84)
at org.testng.TestNG.runSuitesSequentially(TestNG.java:1208)
at org.testng.TestNG.runSuitesLocally(TestNG.java:1137)
at org.testng.TestNG.runSuites(TestNG.java:1049)
at org.testng.TestNG.run(TestNG.java:1017)
at org.testng.remote.AbstractRemoteTestNG.run(AbstractRemoteTestNG.java:114)
at org.testng.remote.RemoteTestNG.initAndRun(RemoteTestNG.java:251)
at org.testng.remote.RemoteTestNG.main(RemoteTestNG.java:77)
]]>
            </full-stacktrace>
          </exception> <!-- java.lang.AssertionError -->
          <reporter-output>
          </reporter-output>
        </test-method> <!-- testRun -->
        <test-method status="PASS" signature="finish()[pri:0, instance:com.syntax.orangeHRM.test.initClass@3aeaafa6]" name="finish" is-config="true" duration-ms="135" started-at="2018-12-29T17:24:34Z" finished-at="2018-12-29T17:24:34Z">
          <reporter-output>
          </reporter-output>
        </test-method> <!-- finish -->
      </class> <!-- com.syntax.orangeHRM.test.initClass -->
    </test> <!-- Default test -->
  </suite> <!-- Default suite -->
</testng-results>
